<?xml version="1.0" encoding="UTF-8"?>
<!-- Generated by org.testng.reporters.JUnitReportReporter -->
<testsuite hostname="DESKTOP-JKO0RQF" failures="0" tests="1" name="mvnNeostoxTest.MvnneostoxValidation" time="43.156" errors="0" timestamp="2022-12-27T20:04:05 IST" skipped="0">
  <testcase classname="mvnNeostoxTest.MvnneostoxValidation" name="validateUserName" time="43.156"/>
  <system-out/>
</testsuite> <!-- mvnNeostoxTest.MvnneostoxValidation -->
